<?xml version="1.0" encoding="UTF-8"?>
<!-- Generated by org.testng.reporters.JUnitXMLReporter -->
<testsuite ignored="0" hostname="NCSI5131" failures="0" tests="4" name="AuditExecution" time="98.959" errors="0" timestamp="2025-12-06T17:41:38 IST">
  <testcase classname="Indian_Bank.AuditCommencement" name="Commencement" time="2.695"/>
  <testcase classname="Indian_Bank.AccountSampling" name="Sampling" time="3.003"/>
  <testcase classname="Indian_Bank.AuditObservation" name="Observation" time="43.716"/>
  <testcase classname="Indian_Bank.AuditObservationAuth" name="ObservationAuth" time="3.055"/>
</testsuite> <!-- AuditExecution -->
