<?xml version="1.0" encoding="UTF-8"?>
<!-- Generated by org.testng.reporters.JUnitXMLReporter -->
<testsuite ignored="0" hostname="NCSI5131" failures="0" tests="4" name="AuditExecution" time="93.59" errors="0" timestamp="2025-11-21T16:04:45 IST">
  <testcase classname="Indian_Bank.AuditCommencement" name="Commencement" time="4.692"/>
  <testcase classname="Indian_Bank.AccountSampling" name="Sampling" time="4.714"/>
  <testcase classname="Indian_Bank.AuditObservation" name="Observation" time="28.606"/>
  <testcase classname="Indian_Bank.AuditObservationAuth" name="ObservationAuth" time="3.139"/>
</testsuite> <!-- AuditExecution -->
