<?xml version="1.0" encoding="UTF-8"?>
<!-- Generated by org.testng.reporters.JUnitXMLReporter -->
<testsuite ignored="0" hostname="NCSI5131" failures="0" tests="2" name="BranchCreation" time="62.226" errors="0" timestamp="2025-11-13T16:38:54 IST">
  <testcase classname="generic_Libraries.BaseClass" name="@AfterMethod logoutMethod" time="1.386">
    <failure type="org.openqa.selenium.ElementClickInterceptedException" message="element click intercepted: Element &amp;lt;img src=&amp;quot;images/logOutIconNew.png&amp;quot; onclick=&amp;quot;redirectURL(&amp;apos;logout.htm?menuOptId=56&amp;apos;)&amp;quot; title=&amp;quot;Logout&amp;quot; class=&amp;quot;cls_Menu_Icons&amp;quot;&amp;gt; is not clickable at point (1117, 28). Other element would receive the click: &amp;lt;div class=&amp;quot;sweet-overlay&amp;quot; tabindex=&amp;quot;-1&amp;quot; style=&amp;quot;opacity: 0.11; display: block;&amp;quot;&amp;gt;&amp;lt;/div&amp;gt;
  (Session info: chrome=142.0.7444.135)
Build info: version: &amp;apos;4.25.0&amp;apos;, revision: &amp;apos;8a8aea2337&amp;apos;
System info: os.name: &amp;apos;Windows 10&amp;apos;, os.arch: &amp;apos;amd64&amp;apos;, os.version: &amp;apos;10.0&amp;apos;, java.version: &amp;apos;22.0.1&amp;apos;
Driver info: org.openqa.selenium.chrome.ChromeDriver
Command: [d699c94646f8d68316300648efa3d1e1, clickElement {id=f.7F2C2B50B63BFD8F21B793A5A1CCEBE1.d.197DA7062FEF6FC7CEAD463360E45F6D.e.200}]
Capabilities {acceptInsecureCerts: true, browserName: chrome, browserVersion: 142.0.7444.135, chrome: {chromedriverVersion: 142.0.7444.162 (c076baf266c..., userDataDir: C:\Users\THAMIZ~1.S\AppData...}, fedcm:accounts: true, goog:chromeOptions: {debuggerAddress: localhost:54167}, goog:processID: 17140, networkConnectionEnabled: false, pageLoadStrategy: normal, platformName: windows, proxy: Proxy(), se:cdp: ws://localhost:54167/devtoo..., se:cdpVersion: 142.0.7444.135, setWindowRect: true, strictFileInteractability: false, timeouts: {implicit: 0, pageLoad: 300000, script: 30000}, unhandledPromptBehavior: dismiss and notify, webauthn:extension:credBlob: true, webauthn:extension:largeBlob: true, webauthn:extension:minPinLength: true, webauthn:extension:prf: true, webauthn:virtualAuthenticators: true}
Element: [[ChromeDriver: chrome on windows (d699c94646f8d68316300648efa3d1e1)] -&amp;gt; xpath: //img[@title=&amp;apos;Logout&amp;apos;]]
Session ID: d699c94646f8d68316300648efa3d1e1">
      <![CDATA[org.openqa.selenium.ElementClickInterceptedException: element click intercepted: Element <img src="images/logOutIconNew.png" onclick="redirectURL('logout.htm?menuOptId=56')" title="Logout" class="cls_Menu_Icons"> is not clickable at point (1117, 28). Other element would receive the click: <div class="sweet-overlay" tabindex="-1" style="opacity: 0.11; display: block;"></div>
  (Session info: chrome=142.0.7444.135)
Build info: version: '4.25.0', revision: '8a8aea2337'
System info: os.name: 'Windows 10', os.arch: 'amd64', os.version: '10.0', java.version: '22.0.1'
Driver info: org.openqa.selenium.chrome.ChromeDriver
Command: [d699c94646f8d68316300648efa3d1e1, clickElement {id=f.7F2C2B50B63BFD8F21B793A5A1CCEBE1.d.197DA7062FEF6FC7CEAD463360E45F6D.e.200}]
Capabilities {acceptInsecureCerts: true, browserName: chrome, browserVersion: 142.0.7444.135, chrome: {chromedriverVersion: 142.0.7444.162 (c076baf266c..., userDataDir: C:\Users\THAMIZ~1.S\AppData...}, fedcm:accounts: true, goog:chromeOptions: {debuggerAddress: localhost:54167}, goog:processID: 17140, networkConnectionEnabled: false, pageLoadStrategy: normal, platformName: windows, proxy: Proxy(), se:cdp: ws://localhost:54167/devtoo..., se:cdpVersion: 142.0.7444.135, setWindowRect: true, strictFileInteractability: false, timeouts: {implicit: 0, pageLoad: 300000, script: 30000}, unhandledPromptBehavior: dismiss and notify, webauthn:extension:credBlob: true, webauthn:extension:largeBlob: true, webauthn:extension:minPinLength: true, webauthn:extension:prf: true, webauthn:virtualAuthenticators: true}
Element: [[ChromeDriver: chrome on windows (d699c94646f8d68316300648efa3d1e1)] -> xpath: //img[@title='Logout']]
Session ID: d699c94646f8d68316300648efa3d1e1
at org.openqa.selenium.remote.ErrorCodec.decode(ErrorCodec.java:167)
at org.openqa.selenium.remote.codec.w3c.W3CHttpResponseCodec.decode(W3CHttpResponseCodec.java:138)
at org.openqa.selenium.remote.codec.w3c.W3CHttpResponseCodec.decode(W3CHttpResponseCodec.java:50)
at org.openqa.selenium.remote.HttpCommandExecutor.execute(HttpCommandExecutor.java:190)
at org.openqa.selenium.remote.service.DriverCommandExecutor.invokeExecute(DriverCommandExecutor.java:216)
at org.openqa.selenium.remote.service.DriverCommandExecutor.execute(DriverCommandExecutor.java:174)
at org.openqa.selenium.remote.RemoteWebDriver.execute(RemoteWebDriver.java:545)
at org.openqa.selenium.remote.RemoteWebElement.execute(RemoteWebElement.java:223)
at org.openqa.selenium.remote.RemoteWebElement.click(RemoteWebElement.java:76)
at org.openqa.selenium.support.pagefactory.internal.LocatingElementHandler.invoke(LocatingElementHandler.java:51)
at jdk.proxy2/jdk.proxy2.$Proxy15.click(Unknown Source)
at generic_Libraries.BaseClass.logoutMethod(BaseClass.java:146)
at java.base/java.util.ArrayList.forEach(ArrayList.java:1597)
... Removed 35 stack frames]]>
    </failure>
  </testcase> <!-- @AfterMethod logoutMethod -->
  <testcase classname="generic_Libraries.BaseClass" name="@AfterClass closeBrowser" time="0.0">
    <skipped/>
  </testcase> <!-- @AfterClass closeBrowser -->
  <testcase classname="Indian_Bank.BranchCreation" name="branchCreation" time="14.909"/>
  <testcase classname="Indian_Bank.ModuleMapping" name="modulemapping" time="2.466"/>
</testsuite> <!-- BranchCreation -->
