<?xml version="1.0" encoding="UTF-8"?>
<!-- Generated by org.testng.reporters.JUnitXMLReporter -->
<testsuite ignored="0" hostname="NCSI5131" failures="0" tests="4" name="PlanSchl" time="66.692" errors="0" timestamp="2025-11-13T18:45:36 IST">
  <testcase classname="Indian_Bank.PlanScreen" name="plan" time="4.926"/>
  <testcase classname="Indian_Bank.PlanAuthScreen" name="planAuth" time="4.5"/>
  <testcase classname="Indian_Bank.ScheduleScreen" name="schedule" time="11.156"/>
  <testcase classname="Indian_Bank.ScheduleAuthScreen" name="ScheduleAuth" time="4.258"/>
</testsuite> <!-- PlanSchl -->
