<?xml version="1.0" encoding="UTF-8"?>
<!-- Generated by org.testng.reporters.JUnitXMLReporter -->
<testsuite ignored="0" hostname="NCSI5131" failures="0" tests="4" name="PlanSchl" time="70.527" errors="0" timestamp="2025-11-14T16:19:49 IST">
  <testcase classname="Indian_Bank.PlanScreen" name="plan" time="6.723"/>
  <testcase classname="Indian_Bank.PlanAuthScreen" name="planAuth" time="4.505"/>
  <testcase classname="Indian_Bank.ScheduleScreen" name="schedule" time="11.085"/>
  <testcase classname="Indian_Bank.ScheduleAuthScreen" name="ScheduleAuth" time="4.91"/>
</testsuite> <!-- PlanSchl -->
