<?xml version="1.0" encoding="UTF-8"?>
<testng-results ignored="0" total="1" passed="1" failed="0" skipped="0">
  <reporter-output>
  </reporter-output>
  <suite started-at="2025-10-21T17:41:33 IST" name="Default suite" finished-at="2025-10-21T17:42:08 IST" duration-ms="35212">
    <groups>
    </groups>
    <test started-at="2025-10-21T17:41:33 IST" name="Default test" finished-at="2025-10-21T17:42:08 IST" duration-ms="35212">
      <class name="Indian_Bank.BranchCreation">
        <test-method is-config="true" signature="launchBrowser()[pri:0, instance:Indian_Bank.BranchCreation@48bb62]" started-at="2025-10-21T17:41:33 IST" name="launchBrowser" finished-at="2025-10-21T17:41:43 IST" duration-ms="10897" status="PASS">
          <reporter-output>
          </reporter-output>
        </test-method> <!-- launchBrowser -->
        <test-method is-config="true" signature="loginMethod()[pri:0, instance:Indian_Bank.BranchCreation@48bb62]" started-at="2025-10-21T17:41:43 IST" name="loginMethod" finished-at="2025-10-21T17:41:46 IST" duration-ms="2362" status="PASS">
          <reporter-output>
          </reporter-output>
        </test-method> <!-- loginMethod -->
        <test-method signature="branchCreation()[pri:0, instance:Indian_Bank.BranchCreation@48bb62]" started-at="2025-10-21T17:41:46 IST" name="branchCreation" finished-at="2025-10-21T17:42:08 IST" duration-ms="21851" status="PASS">
          <reporter-output>
          </reporter-output>
        </test-method> <!-- branchCreation -->
      </class> <!-- Indian_Bank.BranchCreation -->
    </test> <!-- Default test -->
  </suite> <!-- Default suite -->
</testng-results>
