<?xml version="1.0" encoding="UTF-8"?>
<testng-results ignored="0" total="1" passed="1" failed="0" skipped="0">
  <reporter-output>
  </reporter-output>
  <suite started-at="2025-10-22T17:37:09 IST" name="Default suite" finished-at="2025-10-22T17:37:32 IST" duration-ms="23668">
    <groups>
    </groups>
    <test started-at="2025-10-22T17:37:09 IST" name="Default test" finished-at="2025-10-22T17:37:32 IST" duration-ms="23668">
      <class name="Indian_Bank.BranchCreation">
        <test-method is-config="true" signature="launchBrowser()[pri:0, instance:Indian_Bank.BranchCreation@5ddeb7cb]" started-at="2025-10-22T17:37:09 IST" name="launchBrowser" finished-at="2025-10-22T17:37:15 IST" duration-ms="6130" status="PASS">
          <reporter-output>
          </reporter-output>
        </test-method> <!-- launchBrowser -->
        <test-method is-config="true" signature="loginMethod()[pri:0, instance:Indian_Bank.BranchCreation@5ddeb7cb]" started-at="2025-10-22T17:37:15 IST" name="loginMethod" finished-at="2025-10-22T17:37:17 IST" duration-ms="2347" status="PASS">
          <reporter-output>
          </reporter-output>
        </test-method> <!-- loginMethod -->
        <test-method signature="branchCreation()[pri:0, instance:Indian_Bank.BranchCreation@5ddeb7cb]" started-at="2025-10-22T17:37:17 IST" name="branchCreation" finished-at="2025-10-22T17:37:32 IST" duration-ms="15128" status="PASS">
          <reporter-output>
          </reporter-output>
        </test-method> <!-- branchCreation -->
      </class> <!-- Indian_Bank.BranchCreation -->
    </test> <!-- Default test -->
  </suite> <!-- Default suite -->
</testng-results>
