<?xml version="1.0" encoding="UTF-8"?>
<testng-results ignored="0" total="1" passed="1" failed="0" skipped="0">
  <reporter-output>
  </reporter-output>
  <suite started-at="2025-11-12T18:50:07 IST" name="Default suite" finished-at="2025-11-12T18:50:23 IST" duration-ms="15916">
    <groups>
    </groups>
    <test started-at="2025-11-12T18:50:07 IST" name="Default test" finished-at="2025-11-12T18:50:23 IST" duration-ms="15916">
      <class name="Indian_Bank.ScheduleAuthScreen">
        <test-method is-config="true" signature="launchBrowser()[pri:0, instance:Indian_Bank.ScheduleAuthScreen@7188af83]" started-at="2025-11-12T18:50:07 IST" name="launchBrowser" finished-at="2025-11-12T18:50:13 IST" duration-ms="5384" status="PASS">
          <reporter-output>
          </reporter-output>
        </test-method> <!-- launchBrowser -->
        <test-method is-config="true" signature="loginMethod()[pri:0, instance:Indian_Bank.ScheduleAuthScreen@7188af83]" started-at="2025-11-12T18:50:13 IST" name="loginMethod" finished-at="2025-11-12T18:50:19 IST" duration-ms="6025" status="PASS">
          <reporter-output>
          </reporter-output>
        </test-method> <!-- loginMethod -->
        <test-method signature="ScheduleAuth()[pri:0, instance:Indian_Bank.ScheduleAuthScreen@7188af83]" started-at="2025-11-12T18:50:19 IST" name="ScheduleAuth" finished-at="2025-11-12T18:50:23 IST" duration-ms="4426" status="PASS">
          <reporter-output>
          </reporter-output>
        </test-method> <!-- ScheduleAuth -->
      </class> <!-- Indian_Bank.ScheduleAuthScreen -->
    </test> <!-- Default test -->
  </suite> <!-- Default suite -->
</testng-results>
