<?xml version="1.0" encoding="UTF-8"?>
<testng-results ignored="0" total="1" passed="1" failed="0" skipped="0">
  <reporter-output>
  </reporter-output>
  <suite started-at="2025-11-07T18:47:50 IST" name="Default suite" finished-at="2025-11-07T18:48:13 IST" duration-ms="22585">
    <groups>
    </groups>
    <test started-at="2025-11-07T18:47:50 IST" name="Default test" finished-at="2025-11-07T18:48:13 IST" duration-ms="22585">
      <class name="Indian_Bank.ScheduleScreen">
        <test-method is-config="true" signature="launchBrowser()[pri:0, instance:Indian_Bank.ScheduleScreen@7188af83]" started-at="2025-11-07T18:47:50 IST" name="launchBrowser" finished-at="2025-11-07T18:47:57 IST" duration-ms="6712" status="PASS">
          <reporter-output>
          </reporter-output>
        </test-method> <!-- launchBrowser -->
        <test-method is-config="true" signature="loginMethod()[pri:0, instance:Indian_Bank.ScheduleScreen@7188af83]" started-at="2025-11-07T18:47:57 IST" name="loginMethod" finished-at="2025-11-07T18:47:59 IST" duration-ms="2353" status="PASS">
          <reporter-output>
          </reporter-output>
        </test-method> <!-- loginMethod -->
        <test-method signature="schedule()[pri:0, instance:Indian_Bank.ScheduleScreen@7188af83]" started-at="2025-11-07T18:47:59 IST" name="schedule" finished-at="2025-11-07T18:48:13 IST" duration-ms="13454" status="PASS">
          <reporter-output>
          </reporter-output>
        </test-method> <!-- schedule -->
      </class> <!-- Indian_Bank.ScheduleScreen -->
    </test> <!-- Default test -->
  </suite> <!-- Default suite -->
</testng-results>
