<?xml version="1.0" encoding="UTF-8"?>
<testng-results ignored="0" total="1" passed="1" failed="0" skipped="0">
  <reporter-output>
  </reporter-output>
  <suite started-at="2025-11-21T18:39:53 IST" name="AuditSuite" finished-at="2025-11-21T18:40:08 IST" duration-ms="15015">
    <groups>
    </groups>
    <test started-at="2025-11-21T18:39:53 IST" name="AuditExecution" finished-at="2025-11-21T18:40:08 IST" duration-ms="15015">
      <class name="Indian_Bank.ExecutiveSummary">
        <test-method is-config="true" signature="launchBrowser()[pri:0, instance:Indian_Bank.ExecutiveSummary@5890e879]" started-at="2025-11-21T18:39:53 IST" name="launchBrowser" finished-at="2025-11-21T18:39:59 IST" duration-ms="6074" status="PASS">
          <reporter-output>
          </reporter-output>
        </test-method> <!-- launchBrowser -->
        <test-method is-config="true" signature="loginMethod(java.lang.String)[pri:0, instance:Indian_Bank.ExecutiveSummary@5890e879]" started-at="2025-11-21T18:39:59 IST" name="loginMethod" finished-at="2025-11-21T18:40:04 IST" duration-ms="5355" status="PASS">
          <params>
            <param index="0">
              <value>
                <![CDATA[AUDITOR]]>
              </value>
            </param>
          </params>
          <reporter-output>
          </reporter-output>
        </test-method> <!-- loginMethod -->
        <test-method signature="ExecutiveSummaryTest()[pri:0, instance:Indian_Bank.ExecutiveSummary@5890e879]" started-at="2025-11-21T18:40:04 IST" name="ExecutiveSummaryTest" finished-at="2025-11-21T18:40:08 IST" duration-ms="3527" status="PASS">
          <reporter-output>
          </reporter-output>
        </test-method> <!-- ExecutiveSummaryTest -->
      </class> <!-- Indian_Bank.ExecutiveSummary -->
    </test> <!-- AuditExecution -->
  </suite> <!-- AuditSuite -->
</testng-results>
