<?xml version="1.0" encoding="UTF-8"?>
<testng-results ignored="0" total="1" passed="1" failed="0" skipped="0">
  <reporter-output>
  </reporter-output>
  <suite started-at="2025-11-05T15:36:35 IST" name="Default suite" finished-at="2025-11-05T15:37:05 IST" duration-ms="29494">
    <groups>
    </groups>
    <test started-at="2025-11-05T15:36:35 IST" name="Default test" finished-at="2025-11-05T15:37:05 IST" duration-ms="29494">
      <class name="Indian_Bank.BranchCreation">
        <test-method is-config="true" signature="launchBrowser()[pri:0, instance:Indian_Bank.BranchCreation@7188af83]" started-at="2025-11-05T15:36:35 IST" name="launchBrowser" finished-at="2025-11-05T15:36:45 IST" duration-ms="9694" status="PASS">
          <reporter-output>
          </reporter-output>
        </test-method> <!-- launchBrowser -->
        <test-method is-config="true" signature="loginMethod()[pri:0, instance:Indian_Bank.BranchCreation@7188af83]" started-at="2025-11-05T15:36:45 IST" name="loginMethod" finished-at="2025-11-05T15:36:47 IST" duration-ms="2579" status="PASS">
          <reporter-output>
          </reporter-output>
        </test-method> <!-- loginMethod -->
        <test-method signature="branchCreation()[pri:0, instance:Indian_Bank.BranchCreation@7188af83]" started-at="2025-11-05T15:36:47 IST" name="branchCreation" finished-at="2025-11-05T15:37:04 IST" duration-ms="17000" status="PASS">
          <reporter-output>
          </reporter-output>
        </test-method> <!-- branchCreation -->
      </class> <!-- Indian_Bank.BranchCreation -->
    </test> <!-- Default test -->
  </suite> <!-- Default suite -->
</testng-results>
