<?xml version="1.0" encoding="UTF-8"?>
<testng-results ignored="0" total="2" passed="2" failed="0" skipped="0">
  <reporter-output>
  </reporter-output>
  <suite started-at="2025-12-10T15:18:39 IST" name="AuditSuite" finished-at="2025-12-10T15:19:44 IST" duration-ms="64951">
    <groups>
    </groups>
    <test started-at="2025-12-10T15:18:39 IST" name="BranchCreation" finished-at="2025-12-10T15:19:44 IST" duration-ms="64848">
      <class name="Indian_Bank.ModuleMapping">
        <test-method is-config="true" signature="launchBrowser()[pri:0, instance:Indian_Bank.ModuleMapping@1033576a]" started-at="2025-12-10T15:19:16 IST" name="launchBrowser" finished-at="2025-12-10T15:19:26 IST" duration-ms="9757" status="PASS">
          <reporter-output>
          </reporter-output>
        </test-method> <!-- launchBrowser -->
        <test-method is-config="true" signature="loginMethod(java.lang.String)[pri:0, instance:Indian_Bank.ModuleMapping@1033576a]" started-at="2025-12-10T15:19:26 IST" name="loginMethod" finished-at="2025-12-10T15:19:40 IST" duration-ms="14804" status="PASS">
          <params>
            <param index="0">
              <value>
                <![CDATA[NCS]]>
              </value>
            </param>
          </params>
          <reporter-output>
          </reporter-output>
        </test-method> <!-- loginMethod -->
        <test-method signature="ModuleMappingTest()[pri:0, instance:Indian_Bank.ModuleMapping@1033576a]" started-at="2025-12-10T15:19:40 IST" name="ModuleMappingTest" finished-at="2025-12-10T15:19:44 IST" duration-ms="3159" status="PASS">
          <reporter-output>
          </reporter-output>
        </test-method> <!-- ModuleMappingTest -->
      </class> <!-- Indian_Bank.ModuleMapping -->
      <class name="Indian_Bank.BranchCreation">
        <test-method is-config="true" signature="launchBrowser()[pri:0, instance:Indian_Bank.BranchCreation@24569dba]" started-at="2025-12-10T15:18:39 IST" name="launchBrowser" finished-at="2025-12-10T15:18:46 IST" duration-ms="7131" status="PASS">
          <reporter-output>
          </reporter-output>
        </test-method> <!-- launchBrowser -->
        <test-method is-config="true" signature="loginMethod(java.lang.String)[pri:0, instance:Indian_Bank.BranchCreation@24569dba]" started-at="2025-12-10T15:18:46 IST" name="loginMethod" finished-at="2025-12-10T15:19:01 IST" duration-ms="14967" status="PASS">
          <params>
            <param index="0">
              <value>
                <![CDATA[NCS]]>
              </value>
            </param>
          </params>
          <reporter-output>
          </reporter-output>
        </test-method> <!-- loginMethod -->
        <test-method signature="branchCreation()[pri:1, instance:Indian_Bank.BranchCreation@24569dba]" started-at="2025-12-10T15:19:01 IST" name="branchCreation" finished-at="2025-12-10T15:19:16 IST" duration-ms="14949" status="PASS">
          <reporter-output>
          </reporter-output>
        </test-method> <!-- branchCreation -->
      </class> <!-- Indian_Bank.BranchCreation -->
    </test> <!-- BranchCreation -->
    <test started-at="2025-12-10T15:19:44 IST" name="AuditExecution" finished-at="2025-12-10T15:19:44 IST" duration-ms="1">
    </test> <!-- AuditExecution -->
  </suite> <!-- AuditSuite -->
</testng-results>
