<?xml version="1.0" encoding="UTF-8"?>
<testng-results ignored="0" total="1" passed="1" failed="0" skipped="0">
  <reporter-output>
  </reporter-output>
  <suite started-at="2025-11-17T15:47:47 IST" name="AuditSuite" finished-at="2025-11-17T15:48:02 IST" duration-ms="15665">
    <groups>
    </groups>
    <test started-at="2025-11-17T15:47:47 IST" name="AuditExecution" finished-at="2025-11-17T15:48:02 IST" duration-ms="15665">
      <class name="Indian_Bank.AuditObservationAuth">
        <test-method is-config="true" signature="launchBrowser()[pri:0, instance:Indian_Bank.AuditObservationAuth@7c137fd5]" started-at="2025-11-17T15:47:47 IST" name="launchBrowser" finished-at="2025-11-17T15:47:53 IST" duration-ms="6634" status="PASS">
          <reporter-output>
          </reporter-output>
        </test-method> <!-- launchBrowser -->
        <test-method is-config="true" signature="loginMethod(java.lang.String)[pri:0, instance:Indian_Bank.AuditObservationAuth@7c137fd5]" started-at="2025-11-17T15:47:53 IST" name="loginMethod" finished-at="2025-11-17T15:47:59 IST" duration-ms="5315" status="PASS">
          <params>
            <param index="0">
              <value>
                <![CDATA[AUDITOR]]>
              </value>
            </param>
          </params>
          <reporter-output>
          </reporter-output>
        </test-method> <!-- loginMethod -->
        <test-method signature="ObservationAuth()[pri:0, instance:Indian_Bank.AuditObservationAuth@7c137fd5]" started-at="2025-11-17T15:47:59 IST" name="ObservationAuth" finished-at="2025-11-17T15:48:02 IST" duration-ms="3660" status="PASS">
          <reporter-output>
          </reporter-output>
        </test-method> <!-- ObservationAuth -->
      </class> <!-- Indian_Bank.AuditObservationAuth -->
    </test> <!-- AuditExecution -->
  </suite> <!-- AuditSuite -->
</testng-results>
