<?xml version="1.0" encoding="UTF-8"?>
<testng-results ignored="0" total="10" passed="10" failed="0" skipped="0">
  <reporter-output>
  </reporter-output>
  <suite started-at="2025-12-06T17:37:43 IST" name="AuditSuite" finished-at="2025-12-06T17:41:38 IST" duration-ms="234649">
    <groups>
    </groups>
    <test started-at="2025-12-06T17:37:43 IST" name="BranchCreation" finished-at="2025-12-06T17:38:48 IST" duration-ms="64700">
      <class name="Indian_Bank.ModuleMapping">
        <test-method is-config="true" signature="launchBrowser()[pri:0, instance:Indian_Bank.ModuleMapping@1033576a]" started-at="2025-12-06T17:38:22 IST" name="launchBrowser" finished-at="2025-12-06T17:38:29 IST" duration-ms="6929" status="PASS">
          <reporter-output>
          </reporter-output>
        </test-method> <!-- launchBrowser -->
        <test-method is-config="true" signature="loginMethod(java.lang.String)[pri:0, instance:Indian_Bank.ModuleMapping@1033576a]" started-at="2025-12-06T17:38:29 IST" name="loginMethod" finished-at="2025-12-06T17:38:44 IST" duration-ms="14599" status="PASS">
          <params>
            <param index="0">
              <value>
                <![CDATA[NCS]]>
              </value>
            </param>
          </params>
          <reporter-output>
          </reporter-output>
        </test-method> <!-- loginMethod -->
        <test-method signature="ModuleMappingTest()[pri:0, instance:Indian_Bank.ModuleMapping@1033576a]" started-at="2025-12-06T17:38:44 IST" name="ModuleMappingTest" finished-at="2025-12-06T17:38:47 IST" duration-ms="3827" status="PASS">
          <reporter-output>
          </reporter-output>
        </test-method> <!-- ModuleMappingTest -->
        <test-method is-config="true" signature="logoutMethod()[pri:0, instance:Indian_Bank.ModuleMapping@1033576a]" started-at="2025-12-06T17:38:47 IST" name="logoutMethod" finished-at="2025-12-06T17:38:47 IST" duration-ms="7" status="PASS">
          <reporter-output>
          </reporter-output>
        </test-method> <!-- logoutMethod -->
        <test-method is-config="true" signature="closeBrowser()[pri:0, instance:Indian_Bank.ModuleMapping@1033576a]" started-at="2025-12-06T17:38:47 IST" name="closeBrowser" finished-at="2025-12-06T17:38:48 IST" duration-ms="690" status="PASS">
          <reporter-output>
          </reporter-output>
        </test-method> <!-- closeBrowser -->
      </class> <!-- Indian_Bank.ModuleMapping -->
      <class name="Indian_Bank.BranchCreation">
        <test-method is-config="true" signature="launchBrowser()[pri:0, instance:Indian_Bank.BranchCreation@24569dba]" started-at="2025-12-06T17:37:43 IST" name="launchBrowser" finished-at="2025-12-06T17:37:51 IST" duration-ms="7723" status="PASS">
          <reporter-output>
          </reporter-output>
        </test-method> <!-- launchBrowser -->
        <test-method is-config="true" signature="loginMethod(java.lang.String)[pri:0, instance:Indian_Bank.BranchCreation@24569dba]" started-at="2025-12-06T17:37:51 IST" name="loginMethod" finished-at="2025-12-06T17:38:06 IST" duration-ms="14556" status="PASS">
          <params>
            <param index="0">
              <value>
                <![CDATA[NCS]]>
              </value>
            </param>
          </params>
          <reporter-output>
          </reporter-output>
        </test-method> <!-- loginMethod -->
        <test-method signature="branchCreation()[pri:1, instance:Indian_Bank.BranchCreation@24569dba]" started-at="2025-12-06T17:38:06 IST" name="branchCreation" finished-at="2025-12-06T17:38:21 IST" duration-ms="15163" status="PASS">
          <reporter-output>
          </reporter-output>
        </test-method> <!-- branchCreation -->
        <test-method is-config="true" signature="logoutMethod()[pri:0, instance:Indian_Bank.BranchCreation@24569dba]" started-at="2025-12-06T17:38:21 IST" name="logoutMethod" finished-at="2025-12-06T17:38:21 IST" duration-ms="10" status="PASS">
          <reporter-output>
          </reporter-output>
        </test-method> <!-- logoutMethod -->
        <test-method is-config="true" signature="closeBrowser()[pri:0, instance:Indian_Bank.BranchCreation@24569dba]" started-at="2025-12-06T17:38:21 IST" name="closeBrowser" finished-at="2025-12-06T17:38:22 IST" duration-ms="1119" status="PASS">
          <reporter-output>
          </reporter-output>
        </test-method> <!-- closeBrowser -->
      </class> <!-- Indian_Bank.BranchCreation -->
    </test> <!-- BranchCreation -->
    <test started-at="2025-12-06T17:38:48 IST" name="PlanSchl" finished-at="2025-12-06T17:39:59 IST" duration-ms="70921">
      <class name="Indian_Bank.PlanScreen">
        <test-method is-config="true" signature="launchBrowser()[pri:0, instance:Indian_Bank.PlanScreen@2de56eb2]" started-at="2025-12-06T17:38:48 IST" name="launchBrowser" finished-at="2025-12-06T17:38:55 IST" duration-ms="7020" status="PASS">
          <reporter-output>
          </reporter-output>
        </test-method> <!-- launchBrowser -->
        <test-method is-config="true" signature="loginMethod(java.lang.String)[pri:0, instance:Indian_Bank.PlanScreen@2de56eb2]" started-at="2025-12-06T17:38:55 IST" name="loginMethod" finished-at="2025-12-06T17:39:00 IST" duration-ms="5311" status="PASS">
          <params>
            <param index="0">
              <value>
                <![CDATA[HO]]>
              </value>
            </param>
          </params>
          <reporter-output>
          </reporter-output>
        </test-method> <!-- loginMethod -->
        <test-method signature="plan()[pri:3, instance:Indian_Bank.PlanScreen@2de56eb2]" started-at="2025-12-06T17:39:00 IST" name="plan" finished-at="2025-12-06T17:39:05 IST" duration-ms="4903" status="PASS">
          <reporter-output>
          </reporter-output>
        </test-method> <!-- plan -->
        <test-method is-config="true" signature="logoutMethod()[pri:0, instance:Indian_Bank.PlanScreen@2de56eb2]" started-at="2025-12-06T17:39:05 IST" name="logoutMethod" finished-at="2025-12-06T17:39:05 IST" duration-ms="2" status="PASS">
          <reporter-output>
          </reporter-output>
        </test-method> <!-- logoutMethod -->
        <test-method is-config="true" signature="closeBrowser()[pri:0, instance:Indian_Bank.PlanScreen@2de56eb2]" started-at="2025-12-06T17:39:05 IST" name="closeBrowser" finished-at="2025-12-06T17:39:06 IST" duration-ms="537" status="PASS">
          <reporter-output>
          </reporter-output>
        </test-method> <!-- closeBrowser -->
      </class> <!-- Indian_Bank.PlanScreen -->
      <class name="Indian_Bank.ScheduleAuthScreen">
        <test-method is-config="true" signature="launchBrowser()[pri:0, instance:Indian_Bank.ScheduleAuthScreen@3ad83a66]" started-at="2025-12-06T17:39:43 IST" name="launchBrowser" finished-at="2025-12-06T17:39:49 IST" duration-ms="5401" status="PASS">
          <reporter-output>
          </reporter-output>
        </test-method> <!-- launchBrowser -->
        <test-method is-config="true" signature="loginMethod(java.lang.String)[pri:0, instance:Indian_Bank.ScheduleAuthScreen@3ad83a66]" started-at="2025-12-06T17:39:49 IST" name="loginMethod" finished-at="2025-12-06T17:39:54 IST" duration-ms="5313" status="PASS">
          <params>
            <param index="0">
              <value>
                <![CDATA[HO]]>
              </value>
            </param>
          </params>
          <reporter-output>
          </reporter-output>
        </test-method> <!-- loginMethod -->
        <test-method signature="ScheduleAuth()[pri:5, instance:Indian_Bank.ScheduleAuthScreen@3ad83a66]" started-at="2025-12-06T17:39:54 IST" name="ScheduleAuth" finished-at="2025-12-06T17:39:59 IST" duration-ms="4650" status="PASS">
          <reporter-output>
          </reporter-output>
        </test-method> <!-- ScheduleAuth -->
        <test-method is-config="true" signature="logoutMethod()[pri:0, instance:Indian_Bank.ScheduleAuthScreen@3ad83a66]" started-at="2025-12-06T17:39:59 IST" name="logoutMethod" finished-at="2025-12-06T17:39:59 IST" duration-ms="9" status="PASS">
          <reporter-output>
          </reporter-output>
        </test-method> <!-- logoutMethod -->
        <test-method is-config="true" signature="closeBrowser()[pri:0, instance:Indian_Bank.ScheduleAuthScreen@3ad83a66]" started-at="2025-12-06T17:39:59 IST" name="closeBrowser" finished-at="2025-12-06T17:39:59 IST" duration-ms="497" status="PASS">
          <reporter-output>
          </reporter-output>
        </test-method> <!-- closeBrowser -->
      </class> <!-- Indian_Bank.ScheduleAuthScreen -->
      <class name="Indian_Bank.ScheduleScreen">
        <test-method is-config="true" signature="launchBrowser()[pri:0, instance:Indian_Bank.ScheduleScreen@5745ca0e]" started-at="2025-12-06T17:39:22 IST" name="launchBrowser" finished-at="2025-12-06T17:39:27 IST" duration-ms="5397" status="PASS">
          <reporter-output>
          </reporter-output>
        </test-method> <!-- launchBrowser -->
        <test-method is-config="true" signature="loginMethod(java.lang.String)[pri:0, instance:Indian_Bank.ScheduleScreen@5745ca0e]" started-at="2025-12-06T17:39:27 IST" name="loginMethod" finished-at="2025-12-06T17:39:32 IST" duration-ms="5264" status="PASS">
          <params>
            <param index="0">
              <value>
                <![CDATA[HO]]>
              </value>
            </param>
          </params>
          <reporter-output>
          </reporter-output>
        </test-method> <!-- loginMethod -->
        <test-method signature="schedule()[pri:4, instance:Indian_Bank.ScheduleScreen@5745ca0e]" started-at="2025-12-06T17:39:32 IST" name="schedule" finished-at="2025-12-06T17:39:43 IST" duration-ms="10361" status="PASS">
          <reporter-output>
          </reporter-output>
        </test-method> <!-- schedule -->
        <test-method is-config="true" signature="logoutMethod()[pri:0, instance:Indian_Bank.ScheduleScreen@5745ca0e]" started-at="2025-12-06T17:39:43 IST" name="logoutMethod" finished-at="2025-12-06T17:39:43 IST" duration-ms="6" status="PASS">
          <reporter-output>
          </reporter-output>
        </test-method> <!-- logoutMethod -->
        <test-method is-config="true" signature="closeBrowser()[pri:0, instance:Indian_Bank.ScheduleScreen@5745ca0e]" started-at="2025-12-06T17:39:43 IST" name="closeBrowser" finished-at="2025-12-06T17:39:43 IST" duration-ms="556" status="PASS">
          <reporter-output>
          </reporter-output>
        </test-method> <!-- closeBrowser -->
      </class> <!-- Indian_Bank.ScheduleScreen -->
      <class name="Indian_Bank.PlanAuthScreen">
        <test-method is-config="true" signature="launchBrowser()[pri:0, instance:Indian_Bank.PlanAuthScreen@5f8e8a9d]" started-at="2025-12-06T17:39:06 IST" name="launchBrowser" finished-at="2025-12-06T17:39:11 IST" duration-ms="5114" status="PASS">
          <reporter-output>
          </reporter-output>
        </test-method> <!-- launchBrowser -->
        <test-method is-config="true" signature="loginMethod(java.lang.String)[pri:0, instance:Indian_Bank.PlanAuthScreen@5f8e8a9d]" started-at="2025-12-06T17:39:11 IST" name="loginMethod" finished-at="2025-12-06T17:39:16 IST" duration-ms="5252" status="PASS">
          <params>
            <param index="0">
              <value>
                <![CDATA[HO]]>
              </value>
            </param>
          </params>
          <reporter-output>
          </reporter-output>
        </test-method> <!-- loginMethod -->
        <test-method signature="planAuth()[pri:0, instance:Indian_Bank.PlanAuthScreen@5f8e8a9d]" started-at="2025-12-06T17:39:16 IST" name="planAuth" finished-at="2025-12-06T17:39:21 IST" duration-ms="4713" status="PASS">
          <reporter-output>
          </reporter-output>
        </test-method> <!-- planAuth -->
        <test-method is-config="true" signature="logoutMethod()[pri:0, instance:Indian_Bank.PlanAuthScreen@5f8e8a9d]" started-at="2025-12-06T17:39:21 IST" name="logoutMethod" finished-at="2025-12-06T17:39:21 IST" duration-ms="2" status="PASS">
          <reporter-output>
          </reporter-output>
        </test-method> <!-- logoutMethod -->
        <test-method is-config="true" signature="closeBrowser()[pri:0, instance:Indian_Bank.PlanAuthScreen@5f8e8a9d]" started-at="2025-12-06T17:39:21 IST" name="closeBrowser" finished-at="2025-12-06T17:39:22 IST" duration-ms="591" status="PASS">
          <reporter-output>
          </reporter-output>
        </test-method> <!-- closeBrowser -->
      </class> <!-- Indian_Bank.PlanAuthScreen -->
    </test> <!-- PlanSchl -->
    <test started-at="2025-12-06T17:39:59 IST" name="AuditExecution" finished-at="2025-12-06T17:41:38 IST" duration-ms="98959">
      <class name="Indian_Bank.AuditCommencement">
        <test-method is-config="true" signature="launchBrowser()[pri:0, instance:Indian_Bank.AuditCommencement@1807e3f6]" started-at="2025-12-06T17:39:59 IST" name="launchBrowser" finished-at="2025-12-06T17:40:05 IST" duration-ms="6230" status="PASS">
          <reporter-output>
          </reporter-output>
        </test-method> <!-- launchBrowser -->
        <test-method is-config="true" signature="loginMethod(java.lang.String)[pri:0, instance:Indian_Bank.AuditCommencement@1807e3f6]" started-at="2025-12-06T17:40:05 IST" name="loginMethod" finished-at="2025-12-06T17:40:11 IST" duration-ms="5317" status="PASS">
          <params>
            <param index="0">
              <value>
                <![CDATA[AUDITOR]]>
              </value>
            </param>
          </params>
          <reporter-output>
          </reporter-output>
        </test-method> <!-- loginMethod -->
        <test-method signature="Commencement()[pri:0, instance:Indian_Bank.AuditCommencement@1807e3f6]" started-at="2025-12-06T17:40:11 IST" name="Commencement" finished-at="2025-12-06T17:40:13 IST" duration-ms="2695" status="PASS">
          <reporter-output>
          </reporter-output>
        </test-method> <!-- Commencement -->
        <test-method is-config="true" signature="logoutMethod()[pri:0, instance:Indian_Bank.AuditCommencement@1807e3f6]" started-at="2025-12-06T17:40:13 IST" name="logoutMethod" finished-at="2025-12-06T17:40:13 IST" duration-ms="2" status="PASS">
          <reporter-output>
          </reporter-output>
        </test-method> <!-- logoutMethod -->
        <test-method is-config="true" signature="closeBrowser()[pri:0, instance:Indian_Bank.AuditCommencement@1807e3f6]" started-at="2025-12-06T17:40:13 IST" name="closeBrowser" finished-at="2025-12-06T17:40:14 IST" duration-ms="439" status="PASS">
          <reporter-output>
          </reporter-output>
        </test-method> <!-- closeBrowser -->
      </class> <!-- Indian_Bank.AuditCommencement -->
      <class name="Indian_Bank.AccountSampling">
        <test-method is-config="true" signature="launchBrowser()[pri:0, instance:Indian_Bank.AccountSampling@480d3575]" started-at="2025-12-06T17:40:14 IST" name="launchBrowser" finished-at="2025-12-06T17:40:19 IST" duration-ms="5569" status="PASS">
          <reporter-output>
          </reporter-output>
        </test-method> <!-- launchBrowser -->
        <test-method is-config="true" signature="loginMethod(java.lang.String)[pri:0, instance:Indian_Bank.AccountSampling@480d3575]" started-at="2025-12-06T17:40:19 IST" name="loginMethod" finished-at="2025-12-06T17:40:25 IST" duration-ms="5400" status="PASS">
          <params>
            <param index="0">
              <value>
                <![CDATA[AUDITOR]]>
              </value>
            </param>
          </params>
          <reporter-output>
          </reporter-output>
        </test-method> <!-- loginMethod -->
        <test-method signature="Sampling()[pri:0, instance:Indian_Bank.AccountSampling@480d3575]" started-at="2025-12-06T17:40:25 IST" name="Sampling" finished-at="2025-12-06T17:40:28 IST" duration-ms="3003" status="PASS">
          <reporter-output>
          </reporter-output>
        </test-method> <!-- Sampling -->
        <test-method is-config="true" signature="logoutMethod()[pri:0, instance:Indian_Bank.AccountSampling@480d3575]" started-at="2025-12-06T17:40:28 IST" name="logoutMethod" finished-at="2025-12-06T17:40:28 IST" duration-ms="2" status="PASS">
          <reporter-output>
          </reporter-output>
        </test-method> <!-- logoutMethod -->
        <test-method is-config="true" signature="closeBrowser()[pri:0, instance:Indian_Bank.AccountSampling@480d3575]" started-at="2025-12-06T17:40:28 IST" name="closeBrowser" finished-at="2025-12-06T17:40:28 IST" duration-ms="446" status="PASS">
          <reporter-output>
          </reporter-output>
        </test-method> <!-- closeBrowser -->
      </class> <!-- Indian_Bank.AccountSampling -->
      <class name="Indian_Bank.AuditObservation">
        <test-method is-config="true" signature="launchBrowser()[pri:0, instance:Indian_Bank.AuditObservation@f1da57d]" started-at="2025-12-06T17:40:28 IST" name="launchBrowser" finished-at="2025-12-06T17:40:34 IST" duration-ms="5819" status="PASS">
          <reporter-output>
          </reporter-output>
        </test-method> <!-- launchBrowser -->
        <test-method is-config="true" signature="loginMethod(java.lang.String)[pri:0, instance:Indian_Bank.AuditObservation@f1da57d]" started-at="2025-12-06T17:40:34 IST" name="loginMethod" finished-at="2025-12-06T17:40:39 IST" duration-ms="5348" status="PASS">
          <params>
            <param index="0">
              <value>
                <![CDATA[AUDITOR]]>
              </value>
            </param>
          </params>
          <reporter-output>
          </reporter-output>
        </test-method> <!-- loginMethod -->
        <test-method signature="Observation()[pri:0, instance:Indian_Bank.AuditObservation@f1da57d]" started-at="2025-12-06T17:40:39 IST" name="Observation" finished-at="2025-12-06T17:41:23 IST" duration-ms="43716" status="PASS">
          <reporter-output>
          </reporter-output>
        </test-method> <!-- Observation -->
        <test-method is-config="true" signature="logoutMethod()[pri:0, instance:Indian_Bank.AuditObservation@f1da57d]" started-at="2025-12-06T17:41:23 IST" name="logoutMethod" finished-at="2025-12-06T17:41:23 IST" duration-ms="2" status="PASS">
          <reporter-output>
          </reporter-output>
        </test-method> <!-- logoutMethod -->
        <test-method is-config="true" signature="closeBrowser()[pri:0, instance:Indian_Bank.AuditObservation@f1da57d]" started-at="2025-12-06T17:41:23 IST" name="closeBrowser" finished-at="2025-12-06T17:41:24 IST" duration-ms="518" status="PASS">
          <reporter-output>
          </reporter-output>
        </test-method> <!-- closeBrowser -->
      </class> <!-- Indian_Bank.AuditObservation -->
      <class name="Indian_Bank.AuditObservationAuth">
        <test-method is-config="true" signature="launchBrowser()[pri:0, instance:Indian_Bank.AuditObservationAuth@194fad1]" started-at="2025-12-06T17:41:24 IST" name="launchBrowser" finished-at="2025-12-06T17:41:29 IST" duration-ms="5524" status="PASS">
          <reporter-output>
          </reporter-output>
        </test-method> <!-- launchBrowser -->
        <test-method is-config="true" signature="loginMethod(java.lang.String)[pri:0, instance:Indian_Bank.AuditObservationAuth@194fad1]" started-at="2025-12-06T17:41:29 IST" name="loginMethod" finished-at="2025-12-06T17:41:35 IST" duration-ms="5409" status="PASS">
          <params>
            <param index="0">
              <value>
                <![CDATA[AUDITOR]]>
              </value>
            </param>
          </params>
          <reporter-output>
          </reporter-output>
        </test-method> <!-- loginMethod -->
        <test-method signature="ObservationAuth()[pri:0, instance:Indian_Bank.AuditObservationAuth@194fad1]" started-at="2025-12-06T17:41:35 IST" name="ObservationAuth" finished-at="2025-12-06T17:41:38 IST" duration-ms="3055" status="PASS">
          <reporter-output>
          </reporter-output>
        </test-method> <!-- ObservationAuth -->
        <test-method is-config="true" signature="logoutMethod()[pri:0, instance:Indian_Bank.AuditObservationAuth@194fad1]" started-at="2025-12-06T17:41:38 IST" name="logoutMethod" finished-at="2025-12-06T17:41:38 IST" duration-ms="4" status="PASS">
          <reporter-output>
          </reporter-output>
        </test-method> <!-- logoutMethod -->
        <test-method is-config="true" signature="closeBrowser()[pri:0, instance:Indian_Bank.AuditObservationAuth@194fad1]" started-at="2025-12-06T17:41:38 IST" name="closeBrowser" finished-at="2025-12-06T17:41:38 IST" duration-ms="431" status="PASS">
          <reporter-output>
          </reporter-output>
        </test-method> <!-- closeBrowser -->
      </class> <!-- Indian_Bank.AuditObservationAuth -->
    </test> <!-- AuditExecution -->
  </suite> <!-- AuditSuite -->
</testng-results>
