<?xml version="1.0" encoding="UTF-8"?>
<testng-results ignored="0" total="1" passed="1" failed="0" skipped="0">
  <reporter-output>
  </reporter-output>
  <suite started-at="2025-11-15T19:24:36 IST" name="AuditSuite" finished-at="2025-11-15T19:25:19 IST" duration-ms="43205">
    <groups>
    </groups>
    <test started-at="2025-11-15T19:24:36 IST" name="AuditExecution" finished-at="2025-11-15T19:25:19 IST" duration-ms="43205">
      <class name="Indian_Bank.AuditObservation">
        <test-method is-config="true" signature="launchBrowser()[pri:0, instance:Indian_Bank.AuditObservation@7c137fd5]" started-at="2025-11-15T19:24:36 IST" name="launchBrowser" finished-at="2025-11-15T19:24:42 IST" duration-ms="6297" status="PASS">
          <reporter-output>
          </reporter-output>
        </test-method> <!-- launchBrowser -->
        <test-method is-config="true" signature="loginMethod(java.lang.String)[pri:0, instance:Indian_Bank.AuditObservation@7c137fd5]" started-at="2025-11-15T19:24:42 IST" name="loginMethod" finished-at="2025-11-15T19:24:47 IST" duration-ms="5440" status="PASS">
          <params>
            <param index="0">
              <value>
                <![CDATA[AUDITOR]]>
              </value>
            </param>
          </params>
          <reporter-output>
          </reporter-output>
        </test-method> <!-- loginMethod -->
        <test-method signature="Observation()[pri:0, instance:Indian_Bank.AuditObservation@7c137fd5]" started-at="2025-11-15T19:24:47 IST" name="Observation" finished-at="2025-11-15T19:25:19 IST" duration-ms="31367" status="PASS">
          <reporter-output>
          </reporter-output>
        </test-method> <!-- Observation -->
      </class> <!-- Indian_Bank.AuditObservation -->
    </test> <!-- AuditExecution -->
  </suite> <!-- AuditSuite -->
</testng-results>
