<?xml version="1.0" encoding="UTF-8"?>
<testng-results ignored="0" total="2" passed="2" failed="0" skipped="0">
  <reporter-output>
  </reporter-output>
  <suite started-at="2025-11-17T19:15:41 IST" name="AuditSuite" finished-at="2025-11-17T19:16:28 IST" duration-ms="46984">
    <groups>
    </groups>
    <test started-at="2025-11-17T19:15:41 IST" name="AuditExecution" finished-at="2025-11-17T19:16:28 IST" duration-ms="46984">
      <class name="Indian_Bank.AuditObservation">
        <test-method is-config="true" signature="launchBrowser()[pri:0, instance:Indian_Bank.AuditObservation@231f98ef]" started-at="2025-11-17T19:15:41 IST" name="launchBrowser" finished-at="2025-11-17T19:15:48 IST" duration-ms="6808" status="PASS">
          <reporter-output>
          </reporter-output>
        </test-method> <!-- launchBrowser -->
        <test-method is-config="true" signature="loginMethod(java.lang.String)[pri:0, instance:Indian_Bank.AuditObservation@231f98ef]" started-at="2025-11-17T19:15:48 IST" name="loginMethod" finished-at="2025-11-17T19:15:53 IST" duration-ms="5394" status="PASS">
          <params>
            <param index="0">
              <value>
                <![CDATA[AUDITOR]]>
              </value>
            </param>
          </params>
          <reporter-output>
          </reporter-output>
        </test-method> <!-- loginMethod -->
        <test-method signature="Observation()[pri:0, instance:Indian_Bank.AuditObservation@231f98ef]" started-at="2025-11-17T19:15:53 IST" name="Observation" finished-at="2025-11-17T19:16:13 IST" duration-ms="19647" status="PASS">
          <reporter-output>
          </reporter-output>
        </test-method> <!-- Observation -->
        <test-method is-config="true" signature="closeBrowser()[pri:0, instance:Indian_Bank.AuditObservation@231f98ef]" started-at="2025-11-17T19:16:13 IST" name="closeBrowser" finished-at="2025-11-17T19:16:13 IST" duration-ms="526" status="PASS">
          <reporter-output>
          </reporter-output>
        </test-method> <!-- closeBrowser -->
        <test-method is-config="true" signature="logoutMethod()[pri:0, instance:Indian_Bank.AuditObservation@231f98ef]" started-at="2025-11-17T19:16:13 IST" name="logoutMethod" finished-at="2025-11-17T19:16:13 IST" duration-ms="3" status="PASS">
          <reporter-output>
          </reporter-output>
        </test-method> <!-- logoutMethod -->
      </class> <!-- Indian_Bank.AuditObservation -->
      <class name="Indian_Bank.AuditObservationAuth">
        <test-method is-config="true" signature="launchBrowser()[pri:0, instance:Indian_Bank.AuditObservationAuth@59402b8f]" started-at="2025-11-17T19:16:13 IST" name="launchBrowser" finished-at="2025-11-17T19:16:19 IST" duration-ms="5544" status="PASS">
          <reporter-output>
          </reporter-output>
        </test-method> <!-- launchBrowser -->
        <test-method is-config="true" signature="loginMethod(java.lang.String)[pri:0, instance:Indian_Bank.AuditObservationAuth@59402b8f]" started-at="2025-11-17T19:16:19 IST" name="loginMethod" finished-at="2025-11-17T19:16:24 IST" duration-ms="5424" status="PASS">
          <params>
            <param index="0">
              <value>
                <![CDATA[AUDITOR]]>
              </value>
            </param>
          </params>
          <reporter-output>
          </reporter-output>
        </test-method> <!-- loginMethod -->
        <test-method signature="ObservationAuth()[pri:0, instance:Indian_Bank.AuditObservationAuth@59402b8f]" started-at="2025-11-17T19:16:24 IST" name="ObservationAuth" finished-at="2025-11-17T19:16:28 IST" duration-ms="3136" status="PASS">
          <reporter-output>
          </reporter-output>
        </test-method> <!-- ObservationAuth -->
        <test-method is-config="true" signature="closeBrowser()[pri:0, instance:Indian_Bank.AuditObservationAuth@59402b8f]" started-at="2025-11-17T19:16:28 IST" name="closeBrowser" finished-at="2025-11-17T19:16:28 IST" duration-ms="441" status="PASS">
          <reporter-output>
          </reporter-output>
        </test-method> <!-- closeBrowser -->
        <test-method is-config="true" signature="logoutMethod()[pri:0, instance:Indian_Bank.AuditObservationAuth@59402b8f]" started-at="2025-11-17T19:16:28 IST" name="logoutMethod" finished-at="2025-11-17T19:16:28 IST" duration-ms="2" status="PASS">
          <reporter-output>
          </reporter-output>
        </test-method> <!-- logoutMethod -->
      </class> <!-- Indian_Bank.AuditObservationAuth -->
    </test> <!-- AuditExecution -->
  </suite> <!-- AuditSuite -->
</testng-results>
